C51 COMPILER V9.59.0.0   QUEUE                                                             11/04/2024 15:39:03 PAGE 1   


C51 COMPILER V9.59.0.0, COMPILATION OF MODULE QUEUE
OBJECT MODULE PLACED IN .\Objects\Queue.obj
COMPILER INVOKED BY: E:\Keil\C51\BIN\C51.EXE Queue.c OPTIMIZE(8,SPEED) BROWSE DEBUG OBJECTEXTEND PRINT(.\Listings\Queue.
                    -lst) TABS(2) OBJECT(.\Objects\Queue.obj)

line level    source

   1          /****************************************************************
   2           * 文件名: Queue.c
   3           * 功能: 实现队列的基本操作
   4           ****************************************************************/
   5          
   6          #include "Queue.h"
   7          
   8          /****************************************************************
   9           * 函数名: DataIn
  10           * 功能: 将数据写入队列
  11           * 参数: 
  12           *   Head: 队列头指针的指针
  13           *   HBuff: 队列缓冲区
  14           *   HeadBit: 头部位置标记
  15           *   Len: 缓冲区长度
  16           *   HData: 要写入的数据
  17           * 返回值: 无
  18           ****************************************************************/
  19          void DataIn(UINT8 **Head, UINT8 *HBuff, UINT8 *HeadBit, UINT8 Len, UINT8 *HData)
  20          {
  21   1          UINT8 tmp;
  22   1          
  23   1          /* 将数据左移到正确位置并写入 */
  24   1          tmp = *HData;
  25   1          tmp <<= *HeadBit;
  26   1          **Head |= tmp; 
  27   1      
  28   1          /* 更新头部位置 */
  29   1          *HeadBit += 2;  // 每次移动2位
  30   1          if(*HeadBit >= 8)
  31   1          {
  32   2              *HeadBit = 0;
  33   2              (*Head)++;
  34   2          }
  35   1      
  36   1          /* 处理缓冲区循环 */
  37   1          if(*Head == HBuff + Len)
  38   1          {
  39   2              *Head = HBuff;
  40   2          }
  41   1      } 
  42          
  43          /****************************************************************
  44           * 函数名: DataOut
  45           * 功能: 从队列读出数据
  46           * 参数: 
  47           *   Head: 队列头指针的指针
  48           *   Tail: 队列尾指针的指针
  49           *   HBuff: 队列缓冲区
  50           *   HeadBit: 头部位置标记
  51           *   TailBit: 尾部位置标记
  52           *   Len: 缓冲区长度
  53           *   Data: 读出数据的存储位置
  54           * 返回值: 
C51 COMPILER V9.59.0.0   QUEUE                                                             11/04/2024 15:39:03 PAGE 2   

  55           *   1: 成功读出数据
  56           *   0: 队列为空
  57           ****************************************************************/
  58          UINT8 DataOut(UINT8 **Head, UINT8 **Tail, UINT8 *HBuff, 
  59                        UINT8 *HeadBit, UINT8 *TailBit, UINT8 Len, UINT8 *Data)
  60          {
  61   1          UINT8 back = 0;
  62   1          UINT8 tmp;
  63   1      
  64   1          /* 检查队列是否为空 */
  65   1          if(*Head != *Tail || *TailBit < *HeadBit)
  66   1          {
  67   2              /* 读取数据 */
  68   2              tmp = **Tail >> *TailBit;
  69   2              tmp &= 0x03;  // 只取最低2位
  70   2              *Data = tmp;
  71   2              
  72   2              /* 清除已读取的位 */
  73   2              tmp = 0x03 << *TailBit;
  74   2              tmp = ~tmp;
  75   2              **Tail &= tmp;
  76   2              
  77   2              /* 更新尾部位置 */
  78   2              *TailBit += 2;  // 每次移动2位
  79   2              if(*TailBit >= 8)
  80   2              {
  81   3                  *TailBit = 0;
  82   3                  (*Tail)++;
  83   3                  if(*Tail == HBuff + Len)
  84   3                  {
  85   4                      *Tail = HBuff;
  86   4                  }
  87   3              }
  88   2              
  89   2              back = 1;
  90   2          }
  91   1      
  92   1          return back;
  93   1      }
  94          
  95          /****************************************************************
  96           * 函数名: QueueEmpty
  97           * 功能: 初始化队列为空
  98           * 参数: 
  99           *   Head: 队列头指针的指针
 100           *   Tail: 队列尾指针的指针
 101           *   HBuff: 队列缓冲区
 102           *   HeadBit: 头部位置标记
 103           *   TailBit: 尾部位置标记
 104           * 返回值: 无
 105           ****************************************************************/
 106          void QueueEmpty(UINT8 **Head, UINT8 **Tail, UINT8 *HBuff, 
 107                          UINT8 *HeadBit, UINT8 *TailBit)
 108          {
 109   1          UINT8 i;
 110   1          
 111   1          /* 初始化指针和位置标记 */
 112   1          *Head = HBuff;
 113   1          *Tail = HBuff;
 114   1          *HeadBit = 0;
 115   1          *TailBit = 0;
 116   1          
C51 COMPILER V9.59.0.0   QUEUE                                                             11/04/2024 15:39:03 PAGE 3   

 117   1          /* 清空缓冲区 */
 118   1          for(i = 0; i < 16; i++)
 119   1          {
 120   2              *(HBuff + i) = 0x00;
 121   2          }
 122   1      }


MODULE INFORMATION:   STATIC OVERLAYABLE
   CODE SIZE        =    536    ----
   CONSTANT SIZE    =   ----    ----
   XDATA SIZE       =   ----    ----
   PDATA SIZE       =   ----    ----
   DATA SIZE        =   ----      47
   IDATA SIZE       =   ----    ----
   BIT SIZE         =   ----    ----
END OF MODULE INFORMATION.


C51 COMPILATION COMPLETE.  0 WARNING(S),  0 ERROR(S)
